<?xml version="1.0" encoding="UTF-8"?>
<!-- Generated by org.testng.reporters.JUnitReportReporter -->
<testsuite hostname="DESKTOP-9PG7QVP" failures="0" tests="1" name="com.todos.tests.AddTodoTest" time="8.152" errors="0" timestamp="1 May 2021 00:03:28 GMT">
  <testcase classname="com.todos.tests.AddTodoTest" name="iCanAddTodo" time="8.152"/>
</testsuite> <!-- com.todos.tests.AddTodoTest -->
